[handleMsg]:  {
  key: {
    remoteJid: '593979006978@s.whatsapp.net',
    fromMe: false,
    id: '3ADCBA36980C7314F71F',
    participant: undefined
  },
  messageTimestamp: 1675757672,
  pushName: 'Harvey',
  messageStubType: 2,
  messageStubParameters: [ 'No matching sessions found for message' ],
  body: undefined,
  from: '593979006978'
}
[handleMsg]:  {
  key: {
    remoteJid: '593979006978@s.whatsapp.net',
    fromMe: false,
    id: '3AD76E9C0904FBAB8743',
    participant: undefined
  },
  messageTimestamp: 1675757684,
  pushName: 'Harvey',
  messageStubType: 2,
  messageStubParameters: [ 'No matching sessions found for message' ],
  body: undefined,
  from: '593979006978'
}
